<?xml version="1.0" encoding="UTF-8"?>
<testng-results ignored="0" total="0" passed="0" failed="0" skipped="0">
  <reporter-output>
  </reporter-output>
  <suite started-at="2023-05-21T13:31:02 BST" name="Surefire suite" finished-at="2023-05-21T13:31:26 BST" duration-ms="23908">
    <groups>
    </groups>
    <test started-at="2023-05-21T13:31:02 BST" name="Surefire test" finished-at="2023-05-21T13:31:26 BST" duration-ms="23908">
    </test> <!-- Surefire test -->
  </suite> <!-- Surefire suite -->
</testng-results>
